<?xml version="1.0" encoding="UTF-8"?>
<testng-results ignored="0" total="1" passed="1" failed="0" skipped="0">
  <reporter-output>
  </reporter-output>
  <suite started-at="2025-11-12T10:13:46 IST" name="Default suite" finished-at="2025-11-12T10:13:54 IST" duration-ms="7622">
    <groups>
    </groups>
    <test started-at="2025-11-12T10:13:46 IST" name="Default test" finished-at="2025-11-12T10:13:54 IST" duration-ms="7622">
      <class name="steps.TC01_Amazon">
        <test-method signature="f()[pri:0, instance:steps.TC01_Amazon@557caf28]" started-at="2025-11-12T10:13:46 IST" name="f" finished-at="2025-11-12T10:13:54 IST" duration-ms="7576" status="PASS">
          <reporter-output>
          </reporter-output>
        </test-method> <!-- f -->
      </class> <!-- steps.TC01_Amazon -->
    </test> <!-- Default test -->
  </suite> <!-- Default suite -->
</testng-results>
